11:47:19 **** Incremental Build of configuration Debug for project 3_Threaded_Web_Server ****
make all 
Building file: ../main.cpp
Invoking: GCC C++ Compiler
g++ -O0 -g3 -Wall -c -fmessage-length=0 -std=c++11 -pthread -MMD -MP -MF"main.d" -MT"main.d" -o "main.o" "../main.cpp"
In file included from ../Server.h:19:0,
                 from ../main.cpp:12:
../ClientHandler.h: In member function ‘void ClientHandler::sendImageFile(std::string)’:
../ClientHandler.h:145:22: warning: format ‘%d’ expects argument of type ‘int’, but argument 3 has type ‘const char*’ [-Wformat=]
      filestat.st_size);
                      ^
../ClientHandler.h:145:22: warning: too many arguments for format [-Wformat-extra-args]
Finished building: ../main.cpp
 
Building target: 3_Threaded_Web_Server
Invoking: GCC C++ Linker
g++  -o "3_Threaded_Web_Server"  ./main.o ./mh_utils.o   -lpthread
Finished building target: 3_Threaded_Web_Server
 
11:47:43 **** Incremental Build of configuration Debug for project 3_Threaded_Web_Server ****
make all 
make: Nothing to be done for `all'.
